Application/build/outputs/logs/manifest-merger-debug-report.txt
-- Merging decision tree log ---
manifest
ADDED from src\main\AndroidManifest.xml:20:1-60:12
INJECTED from src\main\AndroidManifest.xml:20:1-60:12
INJECTED from src\main\AndroidManifest.xml:20:1-60:12
MERGED from [com.google.firebase:firebase-firestore:12.0.1] AndroidManifest.xml:2:1-8:12
MERGED from [com.android.support:support-v13:27.1.1] AndroidManifest.xml:17:1-22:12
MERGED from [com.google.firebase:firebase-storage:12.0.1] AndroidManifest.xml:2:1-8:12
MERGED from [com.google.firebase:firebase-auth:12.0.1] AndroidManifest.xml:17:1-32:12
MERGED from [com.google.firebase:firebase-core:12.0.1] AndroidManifest.xml:2:1-6:12
MERGED from [com.google.firebase:firebase-analytics:12.0.1] AndroidManifest.xml:17:1-54:12
MERGED from [com.google.firebase:firebase-analytics-impl:12.0.1] AndroidManifest.xml:17:1-40:12
MERGED from [com.google.firebase:firebase-iid:12.0.1] AndroidManifest.xml:17:1-59:12
MERGED from [com.google.firebase:firebase-common:12.0.1] AndroidManifest.xml:2:1-15:12
MERGED from [com.google.android.gms:play-services-base:12.0.1] AndroidManifest.xml:17:1-29:12
MERGED from [com.google.android.gms:play-services-tasks:12.0.1] AndroidManifest.xml:2:1-9:12
MERGED from [com.google.firebase:firebase-storage-common:12.0.1] AndroidManifest.xml:2:1-8:12
MERGED from [com.google.android.gms:play-services-basement:12.0.1] AndroidManifest.xml:17:1-28:12
MERGED from [com.android.support:support-v4:27.1.1] AndroidManifest.xml:17:1-22:12
MERGED from [com.android.support:cardview-v7:27.1.1] AndroidManifest.xml:17:1-22:12
MERGED from [com.android.support:appcompat-v7:27.1.1] AndroidManifest.xml:17:1-22:12
MERGED from [com.android.support.constraint:constraint-layout:1.0.2] AndroidManifest.xml:2:1-11:12
MERGED from [com.android.support:support-fragment:27.1.1] AndroidManifest.xml:17:1-22:12
MERGED from [com.android.support:animated-vector-drawable:27.1.1] AndroidManifest.xml:17:1-22:12
MERGED from [com.android.support:support-core-ui:27.1.1] AndroidManifest.xml:17:1-22:12
MERGED from [com.android.support:support-core-utils:27.1.1] AndroidManifest.xml:17:1-22:12
MERGED from [com.android.support:support-vector-drawable:27.1.1] AndroidManifest.xml:17:1-22:12
MERGED from [com.android.support:support-media-compat:27.1.1] AndroidManifest.xml:17:1-22:12
MERGED from [com.android.support:support-compat:27.1.1] AndroidManifest.xml:17:1-22:12
MERGED from [com.google.firebase:firebase-storage-license:12.0.1] AndroidManifest.xml:17:1-24:12
MERGED from [com.google.firebase:firebase-auth-license:12.0.1] AndroidManifest.xml:17:1-24:12
MERGED from [com.google.android.gms:play-services-basement-license:12.0.1] AndroidManifest.xml:17:1-24:12
MERGED from [com.google.firebase:firebase-common-license:12.0.1] AndroidManifest.xml:17:1-24:12
MERGED from [com.google.android.gms:play-services-tasks-license:12.0.1] AndroidManifest.xml:17:1-24:12
MERGED from [android.arch.lifecycle:livedata-core:1.1.0] AndroidManifest.xml:17:1-22:12
MERGED from [android.arch.lifecycle:viewmodel:1.1.0] AndroidManifest.xml:17:1-22:12
MERGED from [com.google.firebase:firebase-analytics-license:12.0.1] AndroidManifest.xml:17:1-24:12
MERGED from [com.google.firebase:firebase-storage-common-license:12.0.1] AndroidManifest.xml:17:1-24:12
MERGED from [com.google.android.gms:play-services-base-license:12.0.1] AndroidManifest.xml:17:1-24:12
MERGED from [android.arch.lifecycle:runtime:1.1.0] AndroidManifest.xml:17:1-22:12
MERGED from [android.arch.core:runtime:1.1.0] AndroidManifest.xml:17:1-22:12
MERGED from [com.google.firebase:firebase-analytics-impl-license:12.0.1] AndroidManifest.xml:17:1-24:12
MERGED from [com.google.firebase:firebase-iid-license:12.0.1] AndroidManifest.xml:17:1-24:12
INJECTED from src\main\AndroidManifest.xml:20:1-60:12
INJECTED from src\main\AndroidManifest.xml:20:1-60:12
	package
		ADDED from src\main\AndroidManifest.xml:21:5-50
	android:versionName
		ADDED from src\main\AndroidManifest.xml:23:5-30
		INJECTED from src\main\AndroidManifest.xml
		INJECTED from src\main\AndroidManifest.xml
	xmlns:android
		ADDED from src\main\AndroidManifest.xml:20:11-69
	android:versionCode
		ADDED from src\main\AndroidManifest.xml:22:5-28
		INJECTED from src\main\AndroidManifest.xml
		INJECTED from src\main\AndroidManifest.xml
uses-feature#android.hardware.bluetooth_le
ADDED from src\main\AndroidManifest.xml:31:5-89
	android:required
		ADDED from src\main\AndroidManifest.xml:31:64-87
	android:name
		ADDED from src\main\AndroidManifest.xml:31:19-63
uses-permission#android.permission.BLUETOOTH
ADDED from src\main\AndroidManifest.xml:33:5-67
	android:name
		ADDED from src\main\AndroidManifest.xml:33:22-65
uses-permission#android.permission.BLUETOOTH_ADMIN
ADDED from src\main\AndroidManifest.xml:34:5-73
	android:name
		ADDED from src\main\AndroidManifest.xml:34:22-71
uses-permission#android.permission.ACCESS_COARSE_LOCATION
ADDED from src\main\AndroidManifest.xml:35:5-80
	android:name
		ADDED from src\main\AndroidManifest.xml:35:22-78
uses-permission#android.permission.ACCESS_FINE_LOCATION
ADDED from src\main\AndroidManifest.xml:36:5-78
	android:name
		ADDED from src\main\AndroidManifest.xml:36:22-76
uses-permission#android.permission.WRITE_EXTERNAL_STORAGE
ADDED from src\main\AndroidManifest.xml:37:5-80
	android:name
		ADDED from src\main\AndroidManifest.xml:37:22-78
uses-permission#android.permission.READ_EXTERNAL_STORAGE
ADDED from src\main\AndroidManifest.xml:38:5-79
	android:name
		ADDED from src\main\AndroidManifest.xml:38:22-77
uses-permission#android.permission.INTERNET
ADDED from src\main\AndroidManifest.xml:39:5-66
MERGED from [com.google.firebase:firebase-analytics:12.0.1] AndroidManifest.xml:23:5-67
MERGED from [com.google.firebase:firebase-analytics:12.0.1] AndroidManifest.xml:23:5-67
MERGED from [com.google.firebase:firebase-analytics-impl:12.0.1] AndroidManifest.xml:23:5-67
MERGED from [com.google.firebase:firebase-analytics-impl:12.0.1] AndroidManifest.xml:23:5-67
MERGED from [com.google.firebase:firebase-iid:12.0.1] AndroidManifest.xml:23:5-67
MERGED from [com.google.firebase:firebase-iid:12.0.1] AndroidManifest.xml:23:5-67
	android:name
		ADDED from src\main\AndroidManifest.xml:39:22-64
uses-permission#android.permission.ACCESS_NETWORK_STATE
ADDED from src\main\AndroidManifest.xml:40:5-79
MERGED from [com.google.firebase:firebase-analytics:12.0.1] AndroidManifest.xml:24:5-79
MERGED from [com.google.firebase:firebase-analytics:12.0.1] AndroidManifest.xml:24:5-79
MERGED from [com.google.firebase:firebase-analytics-impl:12.0.1] AndroidManifest.xml:24:5-79
MERGED from [com.google.firebase:firebase-analytics-impl:12.0.1] AndroidManifest.xml:24:5-79
MERGED from [com.google.firebase:firebase-iid:12.0.1] AndroidManifest.xml:22:5-79
MERGED from [com.google.firebase:firebase-iid:12.0.1] AndroidManifest.xml:22:5-79
	android:name
		ADDED from src\main\AndroidManifest.xml:40:22-76
application
ADDED from src\main\AndroidManifest.xml:42:5-58:19
MERGED from [com.google.firebase:firebase-auth:12.0.1] AndroidManifest.xml:22:5-30:19
MERGED from [com.google.firebase:firebase-auth:12.0.1] AndroidManifest.xml:22:5-30:19
MERGED from [com.google.firebase:firebase-core:12.0.1] AndroidManifest.xml:5:5-20
MERGED from [com.google.firebase:firebase-core:12.0.1] AndroidManifest.xml:5:5-20
MERGED from [com.google.firebase:firebase-analytics:12.0.1] AndroidManifest.xml:27:5-52:19
MERGED from [com.google.firebase:firebase-analytics:12.0.1] AndroidManifest.xml:27:5-52:19
MERGED from [com.google.firebase:firebase-analytics-impl:12.0.1] AndroidManifest.xml:27:5-38:19
MERGED from [com.google.firebase:firebase-analytics-impl:12.0.1] AndroidManifest.xml:27:5-38:19
MERGED from [com.google.firebase:firebase-iid:12.0.1] AndroidManifest.xml:34:5-57:19
MERGED from [com.google.firebase:firebase-iid:12.0.1] AndroidManifest.xml:34:5-57:19
MERGED from [com.google.firebase:firebase-common:12.0.1] AndroidManifest.xml:7:5-13:19
MERGED from [com.google.firebase:firebase-common:12.0.1] AndroidManifest.xml:7:5-13:19
MERGED from [com.google.android.gms:play-services-base:12.0.1] AndroidManifest.xml:22:5-27:19
MERGED from [com.google.android.gms:play-services-base:12.0.1] AndroidManifest.xml:22:5-27:19
MERGED from [com.google.android.gms:play-services-tasks:12.0.1] AndroidManifest.xml:7:5-20
MERGED from [com.google.android.gms:play-services-tasks:12.0.1] AndroidManifest.xml:7:5-20
MERGED from [com.google.android.gms:play-services-basement:12.0.1] AndroidManifest.xml:22:5-26:19
MERGED from [com.google.android.gms:play-services-basement:12.0.1] AndroidManifest.xml:22:5-26:19
MERGED from [com.android.support.constraint:constraint-layout:1.0.2] AndroidManifest.xml:9:5-20
MERGED from [com.android.support.constraint:constraint-layout:1.0.2] AndroidManifest.xml:9:5-20
MERGED from [com.google.firebase:firebase-storage-license:12.0.1] AndroidManifest.xml:22:5-20
MERGED from [com.google.firebase:firebase-storage-license:12.0.1] AndroidManifest.xml:22:5-20
MERGED from [com.google.firebase:firebase-auth-license:12.0.1] AndroidManifest.xml:22:5-20
MERGED from [com.google.firebase:firebase-auth-license:12.0.1] AndroidManifest.xml:22:5-20
MERGED from [com.google.android.gms:play-services-basement-license:12.0.1] AndroidManifest.xml:22:5-20
MERGED from [com.google.android.gms:play-services-basement-license:12.0.1] AndroidManifest.xml:22:5-20
MERGED from [com.google.firebase:firebase-common-license:12.0.1] AndroidManifest.xml:22:5-20
MERGED from [com.google.firebase:firebase-common-license:12.0.1] AndroidManifest.xml:22:5-20
MERGED from [com.google.android.gms:play-services-tasks-license:12.0.1] AndroidManifest.xml:22:5-20
MERGED from [com.google.android.gms:play-services-tasks-license:12.0.1] AndroidManifest.xml:22:5-20
MERGED from [com.google.firebase:firebase-analytics-license:12.0.1] AndroidManifest.xml:22:5-20
MERGED from [com.google.firebase:firebase-analytics-license:12.0.1] AndroidManifest.xml:22:5-20
MERGED from [com.google.firebase:firebase-storage-common-license:12.0.1] AndroidManifest.xml:22:5-20
MERGED from [com.google.firebase:firebase-storage-common-license:12.0.1] AndroidManifest.xml:22:5-20
MERGED from [com.google.android.gms:play-services-base-license:12.0.1] AndroidManifest.xml:22:5-20
MERGED from [com.google.android.gms:play-services-base-license:12.0.1] AndroidManifest.xml:22:5-20
MERGED from [com.google.firebase:firebase-analytics-impl-license:12.0.1] AndroidManifest.xml:22:5-20
MERGED from [com.google.firebase:firebase-analytics-impl-license:12.0.1] AndroidManifest.xml:22:5-20
MERGED from [com.google.firebase:firebase-iid-license:12.0.1] AndroidManifest.xml:22:5-20
MERGED from [com.google.firebase:firebase-iid-license:12.0.1] AndroidManifest.xml:22:5-20
	android:label
		ADDED from src\main\AndroidManifest.xml:42:18-45
	android:icon
		ADDED from src\main\AndroidManifest.xml:43:9-45
	android:theme
		ADDED from src\main\AndroidManifest.xml:44:9-56
activity#com.example.android.bluetoothlegatt.DeviceScanActivity
ADDED from src\main\AndroidManifest.xml:45:9-51:20
	android:label
		ADDED from src\main\AndroidManifest.xml:46:13-40
	android:name
		ADDED from src\main\AndroidManifest.xml:45:19-53
intent-filter#action:name:android.intent.action.MAIN+category:name:android.intent.category.LAUNCHER
ADDED from src\main\AndroidManifest.xml:47:13-50:29
action#android.intent.action.MAIN
ADDED from src\main\AndroidManifest.xml:48:17-68
	android:name
		ADDED from src\main\AndroidManifest.xml:48:25-66
category#android.intent.category.LAUNCHER
ADDED from src\main\AndroidManifest.xml:49:17-76
	android:name
		ADDED from src\main\AndroidManifest.xml:49:27-74
activity#com.example.android.bluetoothlegatt.ChooseMode
ADDED from src\main\AndroidManifest.xml:52:9-47
	android:name
		ADDED from src\main\AndroidManifest.xml:52:19-45
activity#com.example.android.bluetoothlegatt.ThirtySecondMode
ADDED from src\main\AndroidManifest.xml:53:9-53
	android:name
		ADDED from src\main\AndroidManifest.xml:53:19-51
activity#com.example.android.bluetoothlegatt.DeviceControlActivity
ADDED from src\main\AndroidManifest.xml:54:9-58
	android:name
		ADDED from src\main\AndroidManifest.xml:54:19-56
service#com.example.android.bluetoothlegatt.BluetoothLeService
ADDED from src\main\AndroidManifest.xml:57:9-77
	android:enabled
		ADDED from src\main\AndroidManifest.xml:57:53-75
	android:name
		ADDED from src\main\AndroidManifest.xml:57:18-52
uses-sdk
INJECTED from src\main\AndroidManifest.xml reason: use-sdk injection requested
INJECTED from src\main\AndroidManifest.xml
INJECTED from src\main\AndroidManifest.xml
MERGED from [com.google.firebase:firebase-firestore:12.0.1] AndroidManifest.xml:6:5-44
MERGED from [com.google.firebase:firebase-firestore:12.0.1] AndroidManifest.xml:6:5-44
MERGED from [com.android.support:support-v13:27.1.1] AndroidManifest.xml:20:5-44
MERGED from [com.android.support:support-v13:27.1.1] AndroidManifest.xml:20:5-44
MERGED from [com.google.firebase:firebase-storage:12.0.1] AndroidManifest.xml:6:5-44
MERGED from [com.google.firebase:firebase-storage:12.0.1] AndroidManifest.xml:6:5-44
MERGED from [com.google.firebase:firebase-auth:12.0.1] AndroidManifest.xml:20:5-44
MERGED from [com.google.firebase:firebase-auth:12.0.1] AndroidManifest.xml:20:5-44
MERGED from [com.google.firebase:firebase-core:12.0.1] AndroidManifest.xml:4:5-43
MERGED from [com.google.firebase:firebase-core:12.0.1] AndroidManifest.xml:4:5-43
MERGED from [com.google.firebase:firebase-analytics:12.0.1] AndroidManifest.xml:20:5-44
MERGED from [com.google.firebase:firebase-analytics:12.0.1] AndroidManifest.xml:20:5-44
MERGED from [com.google.firebase:firebase-analytics-impl:12.0.1] AndroidManifest.xml:20:5-44
MERGED from [com.google.firebase:firebase-analytics-impl:12.0.1] AndroidManifest.xml:20:5-44
MERGED from [com.google.firebase:firebase-iid:12.0.1] AndroidManifest.xml:20:5-44
MERGED from [com.google.firebase:firebase-iid:12.0.1] AndroidManifest.xml:20:5-44
MERGED from [com.google.firebase:firebase-common:12.0.1] AndroidManifest.xml:5:5-44
MERGED from [com.google.firebase:firebase-common:12.0.1] AndroidManifest.xml:5:5-44
MERGED from [com.google.android.gms:play-services-base:12.0.1] AndroidManifest.xml:20:5-44
MERGED from [com.google.android.gms:play-services-base:12.0.1] AndroidManifest.xml:20:5-44
MERGED from [com.google.android.gms:play-services-tasks:12.0.1] AndroidManifest.xml:5:5-44
MERGED from [com.google.android.gms:play-services-tasks:12.0.1] AndroidManifest.xml:5:5-44
MERGED from [com.google.firebase:firebase-storage-common:12.0.1] AndroidManifest.xml:6:5-44
MERGED from [com.google.firebase:firebase-storage-common:12.0.1] AndroidManifest.xml:6:5-44
MERGED from [com.google.android.gms:play-services-basement:12.0.1] AndroidManifest.xml:20:5-44
MERGED from [com.google.android.gms:play-services-basement:12.0.1] AndroidManifest.xml:20:5-44
MERGED from [com.android.support:support-v4:27.1.1] AndroidManifest.xml:20:5-44
MERGED from [com.android.support:support-v4:27.1.1] AndroidManifest.xml:20:5-44
MERGED from [com.android.support:cardview-v7:27.1.1] AndroidManifest.xml:20:5-44
MERGED from [com.android.support:cardview-v7:27.1.1] AndroidManifest.xml:20:5-44
MERGED from [com.android.support:appcompat-v7:27.1.1] AndroidManifest.xml:20:5-44
MERGED from [com.android.support:appcompat-v7:27.1.1] AndroidManifest.xml:20:5-44
MERGED from [com.android.support.constraint:constraint-layout:1.0.2] AndroidManifest.xml:5:5-7:41
MERGED from [com.android.support.constraint:constraint-layout:1.0.2] AndroidManifest.xml:5:5-7:41
MERGED from [com.android.support:support-fragment:27.1.1] AndroidManifest.xml:20:5-44
MERGED from [com.android.support:support-fragment:27.1.1] AndroidManifest.xml:20:5-44
MERGED from [com.android.support:animated-vector-drawable:27.1.1] AndroidManifest.xml:20:5-44
MERGED from [com.android.support:animated-vector-drawable:27.1.1] AndroidManifest.xml:20:5-44
MERGED from [com.android.support:support-core-ui:27.1.1] AndroidManifest.xml:20:5-44
MERGED from [com.android.support:support-core-ui:27.1.1] AndroidManifest.xml:20:5-44
MERGED from [com.android.support:support-core-utils:27.1.1] AndroidManifest.xml:20:5-44
MERGED from [com.android.support:support-core-utils:27.1.1] AndroidManifest.xml:20:5-44
MERGED from [com.android.support:support-vector-drawable:27.1.1] AndroidManifest.xml:20:5-44
MERGED from [com.android.support:support-vector-drawable:27.1.1] AndroidManifest.xml:20:5-44
MERGED from [com.android.support:support-media-compat:27.1.1] AndroidManifest.xml:20:5-44
MERGED from [com.android.support:support-media-compat:27.1.1] AndroidManifest.xml:20:5-44
MERGED from [com.android.support:support-compat:27.1.1] AndroidManifest.xml:20:5-44
MERGED from [com.android.support:support-compat:27.1.1] AndroidManifest.xml:20:5-44
MERGED from [com.google.firebase:firebase-storage-license:12.0.1] AndroidManifest.xml:20:5-44
MERGED from [com.google.firebase:firebase-storage-license:12.0.1] AndroidManifest.xml:20:5-44
MERGED from [com.google.firebase:firebase-auth-license:12.0.1] AndroidManifest.xml:20:5-44
MERGED from [com.google.firebase:firebase-auth-license:12.0.1] AndroidManifest.xml:20:5-44
MERGED from [com.google.android.gms:play-services-basement-license:12.0.1] AndroidManifest.xml:20:5-44
MERGED from [com.google.android.gms:play-services-basement-license:12.0.1] AndroidManifest.xml:20:5-44
MERGED from [com.google.firebase:firebase-common-license:12.0.1] AndroidManifest.xml:20:5-44
MERGED from [com.google.firebase:firebase-common-license:12.0.1] AndroidManifest.xml:20:5-44
MERGED from [com.google.android.gms:play-services-tasks-license:12.0.1] AndroidManifest.xml:20:5-44
MERGED from [com.google.android.gms:play-services-tasks-license:12.0.1] AndroidManifest.xml:20:5-44
MERGED from [android.arch.lifecycle:livedata-core:1.1.0] AndroidManifest.xml:20:5-44
MERGED from [android.arch.lifecycle:livedata-core:1.1.0] AndroidManifest.xml:20:5-44
MERGED from [android.arch.lifecycle:viewmodel:1.1.0] AndroidManifest.xml:20:5-44
MERGED from [android.arch.lifecycle:viewmodel:1.1.0] AndroidManifest.xml:20:5-44
MERGED from [com.google.firebase:firebase-analytics-license:12.0.1] AndroidManifest.xml:20:5-44
MERGED from [com.google.firebase:firebase-analytics-license:12.0.1] AndroidManifest.xml:20:5-44
MERGED from [com.google.firebase:firebase-storage-common-license:12.0.1] AndroidManifest.xml:20:5-44
MERGED from [com.google.firebase:firebase-storage-common-license:12.0.1] AndroidManifest.xml:20:5-44
MERGED from [com.google.android.gms:play-services-base-license:12.0.1] AndroidManifest.xml:20:5-44
MERGED from [com.google.android.gms:play-services-base-license:12.0.1] AndroidManifest.xml:20:5-44
MERGED from [android.arch.lifecycle:runtime:1.1.0] AndroidManifest.xml:20:5-44
MERGED from [android.arch.lifecycle:runtime:1.1.0] AndroidManifest.xml:20:5-44
MERGED from [android.arch.core:runtime:1.1.0] AndroidManifest.xml:20:5-44
MERGED from [android.arch.core:runtime:1.1.0] AndroidManifest.xml:20:5-44
MERGED from [com.google.firebase:firebase-analytics-impl-license:12.0.1] AndroidManifest.xml:20:5-44
MERGED from [com.google.firebase:firebase-analytics-impl-license:12.0.1] AndroidManifest.xml:20:5-44
MERGED from [com.google.firebase:firebase-iid-license:12.0.1] AndroidManifest.xml:20:5-44
MERGED from [com.google.firebase:firebase-iid-license:12.0.1] AndroidManifest.xml:20:5-44
INJECTED from src\main\AndroidManifest.xml
INJECTED from src\main\AndroidManifest.xml
	android:targetSdkVersion
		INJECTED from src\main\AndroidManifest.xml
		ADDED from src\main\AndroidManifest.xml
		INJECTED from src\main\AndroidManifest.xml
	android:minSdkVersion
		INJECTED from src\main\AndroidManifest.xml
		ADDED from src\main\AndroidManifest.xml
		INJECTED from src\main\AndroidManifest.xml
activity#com.google.firebase.auth.internal.FederatedSignInActivity
ADDED from [com.google.firebase:firebase-auth:12.0.1] AndroidManifest.xml:23:9-29:75
	android:excludeFromRecents
		ADDED from [com.google.firebase:firebase-auth:12.0.1] AndroidManifest.xml:25:13-46
	android:launchMode
		ADDED from [com.google.firebase:firebase-auth:12.0.1] AndroidManifest.xml:27:13-48
	android:exported
		ADDED from [com.google.firebase:firebase-auth:12.0.1] AndroidManifest.xml:26:13-36
	android:permission
		ADDED from [com.google.firebase:firebase-auth:12.0.1] AndroidManifest.xml:28:13-102
	android:theme
		ADDED from [com.google.firebase:firebase-auth:12.0.1] AndroidManifest.xml:29:13-72
	android:name
		ADDED from [com.google.firebase:firebase-auth:12.0.1] AndroidManifest.xml:24:13-85
uses-permission#android.permission.WAKE_LOCK
ADDED from [com.google.firebase:firebase-analytics:12.0.1] AndroidManifest.xml:25:5-68
MERGED from [com.google.firebase:firebase-analytics-impl:12.0.1] AndroidManifest.xml:25:5-68
MERGED from [com.google.firebase:firebase-analytics-impl:12.0.1] AndroidManifest.xml:25:5-68
MERGED from [com.google.firebase:firebase-iid:12.0.1] AndroidManifest.xml:24:5-68
MERGED from [com.google.firebase:firebase-iid:12.0.1] AndroidManifest.xml:24:5-68
	android:name
		ADDED from [com.google.firebase:firebase-analytics:12.0.1] AndroidManifest.xml:25:22-65
receiver#com.google.android.gms.measurement.AppMeasurementReceiver
ADDED from [com.google.firebase:firebase-analytics:12.0.1] AndroidManifest.xml:28:9-32:20
MERGED from [com.google.firebase:firebase-analytics-impl:12.0.1] AndroidManifest.xml:28:9-32:20
MERGED from [com.google.firebase:firebase-analytics-impl:12.0.1] AndroidManifest.xml:28:9-32:20
	android:enabled
		ADDED from [com.google.firebase:firebase-analytics:12.0.1] AndroidManifest.xml:30:13-35
	android:exported
		ADDED from [com.google.firebase:firebase-analytics:12.0.1] AndroidManifest.xml:31:13-37
	android:name
		ADDED from [com.google.firebase:firebase-analytics:12.0.1] AndroidManifest.xml:29:13-85
receiver#com.google.android.gms.measurement.AppMeasurementInstallReferrerReceiver
ADDED from [com.google.firebase:firebase-analytics:12.0.1] AndroidManifest.xml:33:9-41:20
	android:enabled
		ADDED from [com.google.firebase:firebase-analytics:12.0.1] AndroidManifest.xml:35:13-35
	android:exported
		ADDED from [com.google.firebase:firebase-analytics:12.0.1] AndroidManifest.xml:36:13-36
	android:permission
		ADDED from [com.google.firebase:firebase-analytics:12.0.1] AndroidManifest.xml:37:13-69
	android:name
		ADDED from [com.google.firebase:firebase-analytics:12.0.1] AndroidManifest.xml:34:13-100
intent-filter#action:name:com.android.vending.INSTALL_REFERRER
ADDED from [com.google.firebase:firebase-analytics:12.0.1] AndroidManifest.xml:38:13-40:29
action#com.android.vending.INSTALL_REFERRER
ADDED from [com.google.firebase:firebase-analytics:12.0.1] AndroidManifest.xml:39:17-79
	android:name
		ADDED from [com.google.firebase:firebase-analytics:12.0.1] AndroidManifest.xml:39:25-76
service#com.google.android.gms.measurement.AppMeasurementService
ADDED from [com.google.firebase:firebase-analytics:12.0.1] AndroidManifest.xml:43:9-46:40
MERGED from [com.google.firebase:firebase-analytics-impl:12.0.1] AndroidManifest.xml:34:9-37:40
MERGED from [com.google.firebase:firebase-analytics-impl:12.0.1] AndroidManifest.xml:34:9-37:40
	android:enabled
		ADDED from [com.google.firebase:firebase-analytics:12.0.1] AndroidManifest.xml:45:13-35
	android:exported
		ADDED from [com.google.firebase:firebase-analytics:12.0.1] AndroidManifest.xml:46:13-37
	android:name
		ADDED from [com.google.firebase:firebase-analytics:12.0.1] AndroidManifest.xml:44:13-84
service#com.google.android.gms.measurement.AppMeasurementJobService
ADDED from [com.google.firebase:firebase-analytics:12.0.1] AndroidManifest.xml:47:9-51:72
	android:enabled
		ADDED from [com.google.firebase:firebase-analytics:12.0.1] AndroidManifest.xml:49:13-35
	android:exported
		ADDED from [com.google.firebase:firebase-analytics:12.0.1] AndroidManifest.xml:50:13-37
	android:permission
		ADDED from [com.google.firebase:firebase-analytics:12.0.1] AndroidManifest.xml:51:13-69
	android:name
		ADDED from [com.google.firebase:firebase-analytics:12.0.1] AndroidManifest.xml:48:13-87
uses-permission#com.google.android.c2dm.permission.RECEIVE
ADDED from [com.google.firebase:firebase-iid:12.0.1] AndroidManifest.xml:26:5-82
	android:name
		ADDED from [com.google.firebase:firebase-iid:12.0.1] AndroidManifest.xml:26:22-79
permission#${applicationId}.permission.C2D_MESSAGE
ADDED from [com.google.firebase:firebase-iid:12.0.1] AndroidManifest.xml:28:5-30:47
	android:protectionLevel
		ADDED from [com.google.firebase:firebase-iid:12.0.1] AndroidManifest.xml:30:9-44
	android:name
		ADDED from [com.google.firebase:firebase-iid:12.0.1] AndroidManifest.xml:29:9-63
permission#com.example.android.bluetoothlegatt.permission.C2D_MESSAGE
ADDED from [com.google.firebase:firebase-iid:12.0.1] AndroidManifest.xml:28:5-30:47
	android:protectionLevel
		ADDED from [com.google.firebase:firebase-iid:12.0.1] AndroidManifest.xml:30:9-44
	android:name
		ADDED from [com.google.firebase:firebase-iid:12.0.1] AndroidManifest.xml:29:9-63
uses-permission#${applicationId}.permission.C2D_MESSAGE
ADDED from [com.google.firebase:firebase-iid:12.0.1] AndroidManifest.xml:32:5-79
	android:name
		ADDED from [com.google.firebase:firebase-iid:12.0.1] AndroidManifest.xml:32:22-76
uses-permission#com.example.android.bluetoothlegatt.permission.C2D_MESSAGE
ADDED from [com.google.firebase:firebase-iid:12.0.1] AndroidManifest.xml:32:5-79
	android:name
		ADDED from [com.google.firebase:firebase-iid:12.0.1] AndroidManifest.xml:32:22-76
receiver#com.google.firebase.iid.FirebaseInstanceIdReceiver
ADDED from [com.google.firebase:firebase-iid:12.0.1] AndroidManifest.xml:35:9-44:20
	android:exported
		ADDED from [com.google.firebase:firebase-iid:12.0.1] AndroidManifest.xml:37:13-36
	android:permission
		ADDED from [com.google.firebase:firebase-iid:12.0.1] AndroidManifest.xml:38:13-73
	android:name
		ADDED from [com.google.firebase:firebase-iid:12.0.1] AndroidManifest.xml:36:13-78
intent-filter#action:name:com.google.android.c2dm.intent.RECEIVE+category:name:${applicationId}
ADDED from [com.google.firebase:firebase-iid:12.0.1] AndroidManifest.xml:39:13-43:29
intent-filter#action:name:com.google.android.c2dm.intent.RECEIVE+category:name:com.example.android.bluetoothlegatt
ADDED from [com.google.firebase:firebase-iid:12.0.1] AndroidManifest.xml:39:13-43:29
action#com.google.android.c2dm.intent.RECEIVE
ADDED from [com.google.firebase:firebase-iid:12.0.1] AndroidManifest.xml:40:17-81
	android:name
		ADDED from [com.google.firebase:firebase-iid:12.0.1] AndroidManifest.xml:40:25-78
category#${applicationId}
ADDED from [com.google.firebase:firebase-iid:12.0.1] AndroidManifest.xml:42:17-61
	android:name
		ADDED from [com.google.firebase:firebase-iid:12.0.1] AndroidManifest.xml:42:27-58
category#com.example.android.bluetoothlegatt
ADDED from [com.google.firebase:firebase-iid:12.0.1] AndroidManifest.xml:42:17-61
	android:name
		ADDED from [com.google.firebase:firebase-iid:12.0.1] AndroidManifest.xml:42:27-58
service#com.google.firebase.iid.FirebaseInstanceIdService
ADDED from [com.google.firebase:firebase-iid:12.0.1] AndroidManifest.xml:50:9-56:19
	android:exported
		ADDED from [com.google.firebase:firebase-iid:12.0.1] AndroidManifest.xml:52:13-36
	android:name
		ADDED from [com.google.firebase:firebase-iid:12.0.1] AndroidManifest.xml:51:13-77
intent-filter#action:name:com.google.firebase.INSTANCE_ID_EVENT
ADDED from [com.google.firebase:firebase-iid:12.0.1] AndroidManifest.xml:53:13-55:29
	android:priority
		ADDED from [com.google.firebase:firebase-iid:12.0.1] AndroidManifest.xml:53:28-51
action#com.google.firebase.INSTANCE_ID_EVENT
ADDED from [com.google.firebase:firebase-iid:12.0.1] AndroidManifest.xml:54:17-80
	android:name
		ADDED from [com.google.firebase:firebase-iid:12.0.1] AndroidManifest.xml:54:25-77
provider#com.google.firebase.provider.FirebaseInitProvider
ADDED from [com.google.firebase:firebase-common:12.0.1] AndroidManifest.xml:8:9-12:39
	android:authorities
		ADDED from [com.google.firebase:firebase-common:12.0.1] AndroidManifest.xml:10:13-72
	android:exported
		ADDED from [com.google.firebase:firebase-common:12.0.1] AndroidManifest.xml:11:13-37
	android:initOrder
		ADDED from [com.google.firebase:firebase-common:12.0.1] AndroidManifest.xml:12:13-36
	android:name
		ADDED from [com.google.firebase:firebase-common:12.0.1] AndroidManifest.xml:9:13-77
activity#com.google.android.gms.common.api.GoogleApiActivity
ADDED from [com.google.android.gms:play-services-base:12.0.1] AndroidManifest.xml:23:9-26:75
	android:exported
		ADDED from [com.google.android.gms:play-services-base:12.0.1] AndroidManifest.xml:25:13-37
	android:theme
		ADDED from [com.google.android.gms:play-services-base:12.0.1] AndroidManifest.xml:26:13-72
	android:name
		ADDED from [com.google.android.gms:play-services-base:12.0.1] AndroidManifest.xml:24:13-79
meta-data#com.google.android.gms.version
ADDED from [com.google.android.gms:play-services-basement:12.0.1] AndroidManifest.xml:23:9-25:69
	android:value
		ADDED from [com.google.android.gms:play-services-basement:12.0.1] AndroidManifest.xml:25:13-66
	android:name
		ADDED from [com.google.android.gms:play-services-basement:12.0.1] AndroidManifest.xml:24:13-58